<3>  2022-01-01T00:00:16.038572-05:00 AMID6E6D799DF38 kernel: kernel - - [    2.518680] aspeed-jtag 1e6e4000.jtag: IRQ index 0 not found - 
<3>  2022-01-01T00:00:16.038600-05:00 AMID6E6D799DF38 kernel: kernel - - [    2.539459] aspeed-jtag 1e6e4100.jtag: IRQ index 0 not found - 
<3>  2022-01-01T00:00:16.038716-05:00 AMID6E6D799DF38 kernel: kernel - - [    2.631303] aspeed-rtc 1e781000.rtc: hctosys: unable to read the hardware clock - 
<3>  2022-01-01T00:00:16.038987-05:00 AMID6E6D799DF38 kernel: kernel - - [   12.749201] aspeed-g6-pinctrl 1e6e2000.syscon:pinctrl: pin A23 already requested by 1e740100.sdhci; cannot claim for 1e780000.gpio:47 - 
<3>  2022-01-01T00:00:16.038995-05:00 AMID6E6D799DF38 kernel: kernel - - [   12.762657] aspeed-g6-pinctrl 1e6e2000.syscon:pinctrl: pin-47 (1e780000.gpio:47) status -22 - 
<3>  2022-01-01T00:00:16.039285-05:00 AMID6E6D799DF38 kernel: kernel - - [   35.087091] peci_aspeed 1e78b000.peci-bus: FCS Bad - 
<3>  2022-01-01T00:00:16.039293-05:00 AMID6E6D799DF38 kernel: kernel - - [   35.096005] peci_aspeed 1e78b000.peci-bus: FCS Bad - 
<3>  2022-01-01T00:00:16.039300-05:00 AMID6E6D799DF38 kernel: kernel - - [   35.105342] peci_aspeed 1e78b000.peci-bus: FCS Bad - 
<3>  2022-01-01T00:00:16.039308-05:00 AMID6E6D799DF38 kernel: kernel - - [   35.123608] peci_aspeed 1e78b000.peci-bus: FCS Bad - 
<3>  2022-01-01T00:00:16.039316-05:00 AMID6E6D799DF38 kernel: kernel - - [   35.132533] peci_aspeed 1e78b000.peci-bus: FCS Bad - 
<3>  2022-01-01T00:00:16.039324-05:00 AMID6E6D799DF38 kernel: kernel - - [   35.141403] peci_aspeed 1e78b000.peci-bus: FCS Bad - 
<3>  2022-01-01T00:00:16.039343-05:00 AMID6E6D799DF38 kernel: kernel - - [   35.158480] peci_aspeed 1e78b000.peci-bus: FCS Bad - 
<3>  2022-01-01T00:00:16.039353-05:00 AMID6E6D799DF38 kernel: kernel - - [   35.172367] peci_aspeed 1e78b000.peci-bus: FCS Bad - 
<3>  2022-01-01T00:00:16.039361-05:00 AMID6E6D799DF38 kernel: kernel - - [   35.181199] peci_aspeed 1e78b000.peci-bus: FCS Bad - 
<3>  2022-01-01T00:00:16.039369-05:00 AMID6E6D799DF38 kernel: kernel - - [   35.191416] peci_aspeed 1e78b000.peci-bus: FCS Bad - 
<3>  2022-01-01T00:00:16.039377-05:00 AMID6E6D799DF38 kernel: kernel - - [   35.202188] peci_aspeed 1e78b000.peci-bus: FCS Bad - 
<3>  2022-01-01T00:00:16.039384-05:00 AMID6E6D799DF38 kernel: kernel - - [   35.211095] peci_aspeed 1e78b000.peci-bus: FCS Bad - 
<43>  2022-01-01T00:00:16.054641-05:00 AMID6E6D799DF38 rsyslogd: rsyslogd - -  error during config processing: omfile: chown for file '/var/log/info.log' failed: Operation not permitted [v8.2102.0 try https://www.rsyslog.com/e/2207 ] - 
<43>  2022-01-01T00:00:16.055898-05:00 AMID6E6D799DF38 rsyslogd: rsyslogd - -  error during config processing: omfile: chown for file '/var/log/notice.log' failed: Operation not permitted [v8.2102.0 try https://www.rsyslog.com/e/2207 ] - 
<43>  2022-01-01T00:00:16.056713-05:00 AMID6E6D799DF38 rsyslogd: rsyslogd - -  error during config processing: omfile: chown for file '/var/log/warning.log' failed: Operation not permitted [v8.2102.0 try https://www.rsyslog.com/e/2207 ] - 
<43>  2022-01-01T00:00:16.057738-05:00 AMID6E6D799DF38 rsyslogd: rsyslogd - -  error during config processing: omfile: chown for file '/var/log/err.log' failed: Operation not permitted [v8.2102.0 try https://www.rsyslog.com/e/2207 ] - 
<43>  2022-01-01T00:00:16.058498-05:00 AMID6E6D799DF38 rsyslogd: rsyslogd - -  error during config processing: omfile: chown for file '/var/log/alert.log' failed: Operation not permitted [v8.2102.0 try https://www.rsyslog.com/e/2207 ] - 
<43>  2022-01-01T00:00:20.526106-05:00 AMID6E6D799DF38 rsyslogd: rsyslogd - -  error during config processing: omfile: chown for file '/var/log/crit.log' failed: Operation not permitted [v8.2102.0 try https://www.rsyslog.com/e/2207 ] - 
<27>  2023-01-20T06:02:29.366310-05:00 AMID6E6D799DF38 ntpdate[2112]: ntpdate 2112 -  no server suitable for synchronization found - 
<75>  2023-01-20T06:02:59.566513-05:00 AMID6E6D799DF38 crond[1908]: crond 1908 -  time disparity of 553322 minutes detected - 
<43>  2023-01-20T06:11:29.270232-05:00 AMID6E6D799DF38 rsyslogd: rsyslogd - -  error during config processing: omfile: chown for file '/var/log/audit.log' failed: Operation not permitted [v8.2102.0 try https://www.rsyslog.com/e/2207 ] - 
<3>  2023-01-23T00:38:08.371089-05:00 AMID6E6D799DF38 kernel: kernel - - [239793.642892] configfs-gadget gadget: End Point Request ERROR: -108 - 
<3>  2023-01-23T00:38:08.492861-05:00 AMID6E6D799DF38 kernel: kernel - - [239793.764687] configfs-gadget gadget: End Point Request ERROR: -108 - 
